Start testing: Aug 01 16:46 EDT
----------------------------------------------------------
1/1 Testing: CardTest
1/1 Test: CardTest
Command: "/Users/omarjingoisemperor/Desktop/UNO/build/bin/test_card"
Directory: /Users/omarjingoisemperor/Desktop/UNO/build/tests
"CardTest" start time: Aug 01 16:46 EDT
Output:
----------------------------------------------------------
[==========] Running 12 tests from 1 test suite.
[----------] Global test environment set-up.
[----------] 12 tests from Card
[ RUN      ] Card.ConstructorBasic
[       OK ] Card.ConstructorBasic (0 ms)
[ RUN      ] Card.ConstructorSpecial
[       OK ] Card.ConstructorSpecial (0 ms)
[ RUN      ] Card.ConstructorWild
[       OK ] Card.ConstructorWild (0 ms)
[ RUN      ] Card.WildCardValidation
[       OK ] Card.WildCardValidation (0 ms)
[ RUN      ] Card.CardValidationSameColor
[       OK ] Card.CardValidationSameColor (0 ms)
[ RUN      ] Card.CardValidationSameLabel
[       OK ] Card.CardValidationSameLabel (0 ms)
[ RUN      ] Card.CardValidationDifferent
[       OK ] Card.CardValidationDifferent (0 ms)
[ RUN      ] Card.WildCardAlwaysValid
[       OK ] Card.WildCardAlwaysValid (0 ms)
[ RUN      ] Card.NumberCards
[       OK ] Card.NumberCards (0 ms)
[ RUN      ] Card.SpecialCards
[       OK ] Card.SpecialCards (0 ms)
[ RUN      ] Card.AllColors
[       OK ] Card.AllColors (0 ms)
[ RUN      ] Card.WildCardColorValidation
[       OK ] Card.WildCardColorValidation (0 ms)
[----------] 12 tests from Card (0 ms total)

[----------] Global test environment tear-down
[==========] 12 tests from 1 test suite ran. (0 ms total)
[  PASSED  ] 12 tests.
<end of output>
Test time =   0.21 sec
----------------------------------------------------------
Test Passed.
"CardTest" end time: Aug 01 16:46 EDT
"CardTest" time elapsed: 00:00:00
----------------------------------------------------------

End testing: Aug 01 16:46 EDT
